\BOOKMARK [0][-]{chapter.1}{\332vod}{}
\BOOKMARK [1][-]{section.1.1}{Motivace}{chapter.1}
\BOOKMARK [0][-]{chapter.2}{Anal\375za}{}
\BOOKMARK [1][-]{section.2.1}{Mo\236nost\355 interakc\355 s facebookem}{chapter.2}
\BOOKMARK [1][-]{section.2.2}{Mo\236nosti ovl\341d\341n\355 webov\351ho rozhran\355 facebooku}{chapter.2}
\BOOKMARK [1][-]{section.2.3}{Popis programu Selenium}{chapter.2}
\BOOKMARK [1][-]{section.2.4}{V\375hody a nev\375hody pou\236it\355 programu Selenium WebDriver}{chapter.2}
\BOOKMARK [1][-]{section.2.5}{Volba programovac\355ho jazyka a datab\341ze}{chapter.2}
\BOOKMARK [0][-]{chapter.3}{Implementace}{}
\BOOKMARK [1][-]{section.3.1}{Rozdelen\355 aplikace}{chapter.3}
\BOOKMARK [1][-]{section.3.2}{Stahov\341n\355 informac\355 z facebookov\375ch profilu}{chapter.3}
\BOOKMARK [1][-]{section.3.3}{Nahr\341v\341n\355 dat na facebookov\351 profily}{chapter.3}
\BOOKMARK [0][-]{chapter.4}{Prubeh experimentu}{}
\BOOKMARK [1][-]{section.4.1}{Prvn\355 generace facebookov\375ch \372ctu}{chapter.4}
\BOOKMARK [1][-]{section.4.2}{Pr\355prava experimentu}{chapter.4}
\BOOKMARK [1][-]{section.4.3}{Probl\351my se zakl\341d\341n\355m facebookov\375ch \372ctu}{chapter.4}
\BOOKMARK [1][-]{section.4.4}{Skupiny facebookov\375ch \372ctu pro experiment}{chapter.4}
\BOOKMARK [0][-]{chapter.5}{Z\341ver}{}
\BOOKMARK [1][-]{section.5.1}{Mo\236n\351 zpusoby roz\235\355ren\355 a pokracov\341n\355 v experimentu}{chapter.5}
\BOOKMARK [1][-]{section.5.2}{Vyhodnocen\355}{chapter.5}
\BOOKMARK [1][-]{section.5.3}{Mo\236nosti pokracov\341n\355 experimentu}{chapter.5}
\BOOKMARK [0][-]{appendix.A}{Slovn\355k pou\236it\375ch pojmu a zkratek}{}
\BOOKMARK [0][-]{appendix.B}{Obsah prilo\236en\351ho CD}{}
