This is pdfTeX, Version 3.1415926-1.40.10 (TeX Live 2009/Debian) (format=pdflatex 2013.1.22)  9 MAY 2013 01:38
entering extended mode
 %&-line parsing enabled.
**Skvarjak.tex
(./Skvarjak.tex
LaTeX2e <2009/09/24>
Babel <v3.8l> and hyphenation patterns for english, usenglishmax, dumylang, noh
yphenation, loaded.
(./FITthesis.cls
Document Class: FITthesis 2012/12/03 CTU FIT standard class for theses
(./memoir.cls
Document Class: memoir 2011/03/06 v3.6j configurable book, report, article docu
ment class
\onelineskip=\skip41
\lxvchars=\skip42
\xlvchars=\skip43
\@memcnta=\count79
\c@@memmarkcntra=\count80
(/usr/share/texmf-texlive/tex/generic/oberdiek/ifpdf.sty
Package: ifpdf 2009/04/10 v2.0 Provides the ifpdf switch (HO)
Package ifpdf Info: pdfTeX in pdf mode detected.
)
Class memoir Info: An `ifetex' package is being emulated on input line 251.

(/usr/share/texmf-texlive/tex/generic/ifxetex/ifxetex.sty
Package: ifxetex 2009/01/23 v0.5 Provides ifxetex conditional
)
(/usr/share/texmf-texlive/tex/generic/oberdiek/ifluatex.sty
Package: ifluatex 2009/04/17 v1.2 Provides the ifluatex switch (HO)
Package ifluatex Info: LuaTeX not detected.
)
\stockheight=\skip44
\stockwidth=\skip45
\trimtop=\skip46
\trimedge=\skip47

(/usr/share/texmf-texlive/tex/latex/etex-pkg/etex.sty
Package: etex 1998/03/26 v2.0 eTeX basic definition package (PEB)
\et@xins=\count81
) (./mem12.clo
File: mem12.clo 2010/10/19 v0.4b memoir class 12pt size option
)
\binding=\skip48
\spinemargin=\skip49
\foremargin=\skip50
\uppermargin=\skip51
\lowermargin=\skip52
\headdrop=\skip53
\normalrulethickness=\skip54
\mem@maxheadheight=\skip55
\mem@maxfootheight=\skip56
\headwidth=\skip57
\c@storedpagenumber=\count82
\memPD=\dimen102
\m@mabparskip=\skip58
\thanksmarkwidth=\skip59
\thanksmarksep=\skip60
\droptitle=\skip61
\c@book=\count83
\c@part=\count84
\c@chapter=\count85
\c@section=\count86
\c@subsection=\count87
\c@subsubsection=\count88
\c@paragraph=\count89
\c@subparagraph=\count90
\beforechapskip=\skip62
\midchapskip=\skip63
\afterchapskip=\skip64
\chapindent=\skip65
\bottomsectionskip=\skip66
\secindent=\skip67
\beforesecskip=\skip68
\aftersecskip=\skip69
\subsecindent=\skip70
\beforesubsecskip=\skip71
\aftersubsecskip=\skip72
\subsubsecindent=\skip73
\beforesubsubsecskip=\skip74
\aftersubsubsecskip=\skip75
\paraindent=\skip76
\beforeparaskip=\skip77
\afterparaskip=\skip78
\subparaindent=\skip79
\beforesubparaskip=\skip80
\aftersubparaskip=\skip81
\pfbreakskip=\skip82
\c@@ppsavesec=\count91
\c@@ppsaveapp=\count92
\ragrparindent=\dimen103
\everylistparindent=\dimen104
\parsepi=\skip83
\topsepi=\skip84
\itemsepi=\skip85
\parsepii=\skip86
\topsepii=\skip87
\topsepiii=\skip88
\itemsepii=\skip89
\itemsepiii=\skip90
\partopsepii=\skip91
\partopsepiii=\skip92
\m@msavetopsep=\skip93
\m@msavepartopsep=\skip94
\@enLab=\toks14
\abstitleskip=\skip95
\absleftindent=\skip96
\abs@leftindent=\dimen105
\absrightindent=\skip97
\absparindent=\skip98
\absparsep=\skip99
\c@vslineno=\count93
\c@poemline=\count94
\c@modulo@vs=\count95
\c@memfvsline=\count96
\vleftskip=\skip100
\vrightskip=\skip101
\stanzaskip=\skip102
\versewidth=\skip103
\vgap=\skip104
\vindent=\skip105
\vleftmargin=\dimen106
\c@verse=\count97
\c@chrsinstr=\count98
\beforepoemtitleskip=\skip106
\afterpoemtitleskip=\skip107
\c@poem=\count99
\beforePoemTitleskip=\skip108
\midPoemTitleskip=\skip109
\afterPoemTitleskip=\skip110
\col@sep=\dimen107
\extrarowheight=\dimen108
\NC@list=\toks15
\extratabsurround=\skip111
\backup@length=\skip112
\TX@col@width=\dimen109
\TX@old@table=\dimen110
\TX@old@col=\dimen111
\TX@target=\dimen112
\TX@delta=\dimen113
\TX@cols=\count100
\TX@ftn=\toks16
\heavyrulewidth=\dimen114
\lightrulewidth=\dimen115
\cmidrulewidth=\dimen116
\belowrulesep=\dimen117
\belowbottomsep=\dimen118
\aboverulesep=\dimen119
\abovetopsep=\dimen120
\cmidrulesep=\dimen121
\cmidrulekern=\dimen122
\defaultaddspace=\dimen123
\@cmidla=\count101
\@cmidlb=\count102
\@aboverulesep=\dimen124
\@belowrulesep=\dimen125
\@thisruleclass=\count103
\@lastruleclass=\count104
\@thisrulewidth=\dimen126
\ctableftskip=\skip113
\ctabrightskip=\skip114
\abovecolumnspenalty=\count105
\@linestogo=\count106
\@cellstogo=\count107
\@cellsincolumn=\count108
\crtok=\toks17
\@mincolumnwidth=\dimen127
\c@newflo@tctr=\count109
\mem@margin@floatbox=\box26
\@contcwidth=\skip115
\@contindw=\skip116
\abovecaptionskip=\skip117
\belowcaptionskip=\skip118
\subfloattopskip=\skip119
\subfloatcapskip=\skip120
\subfloatcaptopadj=\skip121
\subfloatbottomskip=\skip122
\subfloatlabelskip=\skip123
\subfloatcapmargin=\dimen128
\c@@contsubnum=\count110
\m@mscap@capbox=\box27
\m@mscap@fbox=\box28
\sidecapsep=\dimen129
\sidecapwidth=\dimen130
\m@m@tempdima=\dimen131
\m@mscapraise=\dimen132
\sidecapraise=\dimen133
\m@mscapmainwidth=\dimen134
\m@mscaplkern=\dimen135
\beforeepigraphskip=\skip124
\afterepigraphskip=\skip125
\epigraphwidth=\skip126
\epigraphrule=\skip127
LaTeX Info: Redefining \em on input line 7377.
LaTeX Info: Redefining \emph on input line 7385.
\tocentryskip=\skip128
\tocbaseline=\skip129
\cftparskip=\skip130
\cftbeforebookskip=\skip131
\cftbookindent=\dimen136
\cftbooknumwidth=\dimen137
\cftbeforepartskip=\skip132
\cftpartindent=\skip133
\cftpartnumwidth=\skip134
\cftbeforechapterskip=\skip135
\cftchapterindent=\skip136
\cftchapternumwidth=\skip137
\cftbeforesectionskip=\skip138
\cftsectionindent=\skip139
\cftsectionnumwidth=\skip140
\cftbeforesubsectionskip=\skip141
\cftsubsectionindent=\skip142
\cftsubsectionnumwidth=\skip143
\cftbeforesubsubsectionskip=\skip144
\cftsubsubsectionindent=\skip145
\cftsubsubsectionnumwidth=\skip146
\cftbeforeparagraphskip=\skip147
\cftparagraphindent=\skip148
\cftparagraphnumwidth=\skip149
\cftbeforesubparagraphskip=\skip150
\cftsubparagraphindent=\skip151
\cftsubparagraphnumwidth=\skip152
\prechapterprecisshift=\dimen138
\c@maxsecnumdepth=\count111
\bibindent=\dimen139
\bibitemsep=\skip153
\indexcolsep=\skip154
\indexrule=\skip155
\indexmarkstyle=\toks18
\@indexbox=\insert233
\glossarycolsep=\dimen140
\glossaryrule=\dimen141
\sideparvshift=\skip156
\sideins=\insert232
\sidebartopsep=\skip157
\sidebarhsep=\skip158
\sidebarvsep=\skip159
\sidebarwidth=\skip160
\footmarkwidth=\skip161
\footmarksep=\skip162
\footparindent=\skip163
\footinsdim=\skip164
\footinsv@r=\insert231
\@mpfootinsv@r=\insert230
\m@m@k=\count112
\m@m@h=\dimen142
\m@mipn@skip=\skip165
\sidefootins=\insert229
\sidefootadjust=\skip166
\sidefootheight=\skip167
\sidefoothsep=\skip168
\sidefootvsep=\skip169
\sidefootwidth=\skip170
\m@mdownsf=\skip171
\c@sidefootnote=\count113
\sidefootmarkwidth=\skip172
\sidefootmarksep=\skip173
\sidefootparindent=\skip174
\c@pagenote=\count114
\c@pagenoteshadow=\count115
\mem@pn@lastkern=\skip175
\every@verbatim=\toks19
\afterevery@verbatim=\toks20
\verbatim@line=\toks21
\tab@position=\count116
\verbatim@in@stream=\read1
\verbatimindent=\skip176
\verbatim@out=\write3
\bvboxsep=\skip177
\c@memfbvline=\count117
\c@bvlinectr=\count118
\bvnumlength=\skip178
\fb@frw=\dimen143
\fb@frh=\dimen144
\FrameRule=\dimen145
\FrameSep=\dimen146
\c@cp@cntr=\count119
LaTeX Info: Redefining \: on input line 11807.
LaTeX Info: Redefining \! on input line 11809.
\c@ism@mctr=\count120
\c@xsm@mctr=\count121
\c@csm@mctr=\count122
\c@ksm@mctr=\count123
\c@xksm@mctr=\count124
\c@cksm@mctr=\count125
\c@msm@mctr=\count126
\c@xmsm@mctr=\count127
\c@cmsm@mctr=\count128
\c@bsm@mctr=\count129
\c@workm@mctr=\count130
\c@sheetsequence=\count131
\c@lastsheet=\count132
\c@lastpage=\count133
\c@figure=\count134
\c@lofdepth=\count135
\cftbeforefigureskip=\skip179
\cftfigureindent=\skip180
\cftfigurenumwidth=\skip181
\c@table=\count136
\c@lotdepth=\count137
\cftbeforetableskip=\skip182
\cfttableindent=\skip183
\cfttablenumwidth=\skip184
Package abstract [2008/07/23] emulated by memoir.
Package appendix [2008/07/23] emulated by memoir.
Package array [2008/07/23] emulated by memoir.
Package booktabs [2008/07/23] emulated by memoir.
Package ccaption [2008/07/23] emulated by memoir.
Package changepage [2008/07/23] emulated by memoir.
Package chngcntr [2008/07/23] emulated by memoir.
Package chngpage [2008/07/23] emulated by memoir.
Package crop emulated by memoir.
Package dcolumn [2008/07/23] emulated by memoir.
Package delarray [2008/07/23] emulated by memoir.
Package enumerate [2008/07/23] emulated by memoir.
Package epigraph [2008/07/23] emulated by memoir.
Package ifmtarg [2008/07/23] emulated by memoir.
Package ifetex [2008/07/23] emulated by memoir.
Package index [2008/07/23] emulated by memoir.
Package makeidx [2008/07/23] emulated by memoir.
Package moreverb [2008/07/23] emulated by memoir.
Package mparhack [2008/07/23] emulated by memoir.
Package needspace [2008/07/23] emulated by memoir.
Package newfile [2008/07/23] emulated by memoir.
Package nextpage [2008/07/23] emulated by memoir.
Package pagenote [2008/07/23] emulated by memoir.
Package parskip [2008/07/23] emulated by memoir.
Package patchcmd [2008/07/23] emulated by memoir.
Package setspace [2008/07/23] emulated by memoir.
Package shortvrb [2008/07/23] emulated by memoir.
Package showidx [2008/07/23] emulated by memoir.
Package tabularx [2008/07/23] emulated by memoir.
Package titleref [2008/07/23] emulated by memoir.
Package titling [2008/07/23] emulated by memoir.
Package tocbibind [2008/07/23] emulated by memoir.
Package tocloft [2008/07/23] emulated by memoir.
Package tocvsec2 [2008/07/23] emulated by memoir.
Package verbatim [2008/07/23] emulated by memoir.
Package verse [2008/07/23] emulated by memoir.

(./mempatch.sty
Package: mempatch 2009/07/24 v6.0f Patches for memoir class v1.6180339
)) (/usr/share/texmf-texlive/tex/generic/babel/babel.sty
Package: babel 2008/07/06 v3.8l The Babel package

(/usr/share/texmf-texlive/tex/generic/babel/czech.ldf
Language: czech 2008/07/06 v3.1a Czech support from the babel system

(/usr/share/texmf-texlive/tex/generic/babel/babel.def
File: babel.def 2008/07/06 v3.8l Babel common definitions
\babel@savecnt=\count138
\U@D=\dimen147
)

Package babel Warning: No hyphenation patterns were loaded for
(babel)                the language `Czech'
(babel)                I will use the patterns loaded for \language=0 instead.

\l@czech = a dialect from \language0
Package babel Info: Making " an active character on input line 172.
\cs@wordlen=\count139
Package babel Info: Making - an active character on input line 226.
)) (/usr/share/texmf-texlive/tex/latex/hyperref/hyperref.sty
Package: hyperref 2009/10/09 v6.79a Hypertext links for LaTeX

(/usr/share/texmf-texlive/tex/latex/graphics/keyval.sty
Package: keyval 1999/03/16 v1.13 key=value parser (DPC)
\KV@toks@=\toks22
)
(/usr/share/texmf-texlive/tex/generic/oberdiek/ifvtex.sty
Package: ifvtex 2008/11/04 v1.4 Switches for detecting VTeX and its modes (HO)
Package ifvtex Info: VTeX not detected.
)
(/usr/share/texmf-texlive/tex/latex/oberdiek/hycolor.sty
Package: hycolor 2009/10/02 v1.5 Code for color options of hyperref/bookmark (H
O)

(/usr/share/texmf-texlive/tex/latex/oberdiek/xcolor-patch.sty
Package: xcolor-patch 2009/10/02 xcolor patch
))
\@linkdim=\dimen148
\Hy@linkcounter=\count140
\Hy@pagecounter=\count141

(/usr/share/texmf-texlive/tex/latex/hyperref/pd1enc.def
File: pd1enc.def 2009/10/09 v6.79a Hyperref: PDFDocEncoding definition (HO)
)
(/usr/share/texmf-texlive/tex/generic/oberdiek/etexcmds.sty
Package: etexcmds 2007/12/12 v1.2 Prefix for e-TeX command names (HO)

(/usr/share/texmf-texlive/tex/generic/oberdiek/infwarerr.sty
Package: infwarerr 2007/09/09 v1.2 Providing info/warning/message (HO)
)
Package etexcmds Info: Could not find \expanded.
(etexcmds)             That can mean that you are not using pdfTeX 1.50 or
(etexcmds)             that some package has redefined \expanded.
(etexcmds)             In the latter case, load this package earlier.
)
(/usr/share/texmf-texlive/tex/latex/latexconfig/hyperref.cfg
File: hyperref.cfg 2002/06/06 v1.2 hyperref configuration of TeXLive
)
(/usr/share/texmf-texlive/tex/latex/oberdiek/kvoptions.sty
Package: kvoptions 2009/08/13 v3.4 Keyval support for LaTeX options (HO)

(/usr/share/texmf-texlive/tex/generic/oberdiek/kvsetkeys.sty
Package: kvsetkeys 2009/07/30 v1.5 Key value parser with default handler suppor
t (HO)
))
Package hyperref Info: Hyper figures OFF on input line 2975.
Package hyperref Info: Link nesting OFF on input line 2980.
Package hyperref Info: Hyper index ON on input line 2983.
Package hyperref Info: Plain pages OFF on input line 2990.
Package hyperref Info: Backreferencing OFF on input line 2995.

Implicit mode ON; LaTeX internals redefined
Package hyperref Info: Bookmarks ON on input line 3191.
(/usr/share/texmf-texlive/tex/latex/ltxmisc/url.sty
\Urlmuskip=\muskip10
Package: url 2006/04/12  ver 3.3  Verb mode for urls, etc.
)
LaTeX Info: Redefining \url on input line 3428.

(/usr/share/texmf-texlive/tex/generic/oberdiek/bitset.sty
Package: bitset 2007/09/28 v1.0 Data type bit set (HO)

(/usr/share/texmf-texlive/tex/generic/oberdiek/intcalc.sty
Package: intcalc 2007/09/27 v1.1 Expandable integer calculations (HO)
)
(/usr/share/texmf-texlive/tex/generic/oberdiek/bigintcalc.sty
Package: bigintcalc 2007/11/11 v1.1 Expandable big integer calculations (HO)

(/usr/share/texmf-texlive/tex/generic/oberdiek/pdftexcmds.sty
Package: pdftexcmds 2009/09/23 v0.6 LuaTeX support for pdfTeX utility functions
 (HO)

(/usr/share/texmf-texlive/tex/generic/oberdiek/ltxcmds.sty
Package: ltxcmds 2009/08/05 v1.0 Some LaTeX kernel commands for general use (HO
)
)
Package pdftexcmds Info: LuaTeX not detected.
Package pdftexcmds Info: \pdf@primitive is available.
Package pdftexcmds Info: \pdf@ifprimitive is available.
)))
\Fld@menulength=\count142
\Field@Width=\dimen149
\Fld@charsize=\dimen150
\Field@toks=\toks23
Package hyperref Info: Hyper figures OFF on input line 4377.
Package hyperref Info: Link nesting OFF on input line 4382.
Package hyperref Info: Hyper index ON on input line 4385.
Package hyperref Info: backreferencing OFF on input line 4392.
Package hyperref Info: Link coloring OFF on input line 4397.
Package hyperref Info: Link coloring with OCG OFF on input line 4402.
Package hyperref Info: PDF/A mode OFF on input line 4407.

(/usr/share/texmf-texlive/tex/generic/oberdiek/atbegshi.sty
Package: atbegshi 2008/07/31 v1.9 At begin shipout hook (HO)
)
\Hy@abspage=\count143
\c@Item=\count144
) (./memhfixc.sty
Package: memhfixc 2010/08/17 v1.15 nameref/hyperref package fixes for memoir cl
ass
\c@memhycontfloat=\count145
)
*hyperref using default driver hpdftex*
(/usr/share/texmf-texlive/tex/latex/hyperref/hpdftex.def
File: hpdftex.def 2009/10/09 v6.79a Hyperref driver for pdfTeX
\Fld@listcount=\count146
)
(/usr/share/texmf-texlive/tex/latex/base/fontenc.sty
Package: fontenc 2005/09/27 v1.99g Standard LaTeX package

(/usr/share/texmf-texlive/tex/latex/base/t1enc.def
File: t1enc.def 2005/09/27 v1.99g Standard LaTeX file
LaTeX Font Info:    Redeclaring font encoding T1 on input line 43.
))
(/usr/share/texmf/tex/latex/lm/lmodern.sty
Package: lmodern 2009/10/30 v1.6 Latin Modern Fonts
LaTeX Font Info:    Overwriting symbol font `operators' in version `normal'
(Font)                  OT1/cmr/m/n --> OT1/lmr/m/n on input line 22.
LaTeX Font Info:    Overwriting symbol font `letters' in version `normal'
(Font)                  OML/cmm/m/it --> OML/lmm/m/it on input line 23.
LaTeX Font Info:    Overwriting symbol font `symbols' in version `normal'
(Font)                  OMS/cmsy/m/n --> OMS/lmsy/m/n on input line 24.
LaTeX Font Info:    Overwriting symbol font `largesymbols' in version `normal'
(Font)                  OMX/cmex/m/n --> OMX/lmex/m/n on input line 25.
LaTeX Font Info:    Overwriting symbol font `operators' in version `bold'
(Font)                  OT1/cmr/bx/n --> OT1/lmr/bx/n on input line 26.
LaTeX Font Info:    Overwriting symbol font `letters' in version `bold'
(Font)                  OML/cmm/b/it --> OML/lmm/b/it on input line 27.
LaTeX Font Info:    Overwriting symbol font `symbols' in version `bold'
(Font)                  OMS/cmsy/b/n --> OMS/lmsy/b/n on input line 28.
LaTeX Font Info:    Overwriting symbol font `largesymbols' in version `bold'
(Font)                  OMX/cmex/m/n --> OMX/lmex/m/n on input line 29.
LaTeX Font Info:    Overwriting math alphabet `\mathbf' in version `normal'
(Font)                  OT1/cmr/bx/n --> OT1/lmr/bx/n on input line 31.
LaTeX Font Info:    Overwriting math alphabet `\mathsf' in version `normal'
(Font)                  OT1/cmss/m/n --> OT1/lmss/m/n on input line 32.
LaTeX Font Info:    Overwriting math alphabet `\mathit' in version `normal'
(Font)                  OT1/cmr/m/it --> OT1/lmr/m/it on input line 33.
LaTeX Font Info:    Overwriting math alphabet `\mathtt' in version `normal'
(Font)                  OT1/cmtt/m/n --> OT1/lmtt/m/n on input line 34.
LaTeX Font Info:    Overwriting math alphabet `\mathbf' in version `bold'
(Font)                  OT1/cmr/bx/n --> OT1/lmr/bx/n on input line 35.
LaTeX Font Info:    Overwriting math alphabet `\mathsf' in version `bold'
(Font)                  OT1/cmss/bx/n --> OT1/lmss/bx/n on input line 36.
LaTeX Font Info:    Overwriting math alphabet `\mathit' in version `bold'
(Font)                  OT1/cmr/bx/it --> OT1/lmr/bx/it on input line 37.
LaTeX Font Info:    Overwriting math alphabet `\mathtt' in version `bold'
(Font)                  OT1/cmtt/m/n --> OT1/lmtt/m/n on input line 38.
)

******************************************************
Stock height and width: 845.04684pt by 597.50787pt
Top and edge trims: 0pt and 0pt
Page height and width: 845.04684pt by 597.50787pt
Text height and width: 592pt by 383pt
Spine and edge margins: 113.81102pt and 100.69685pt
Upper and lower margins: 128.64378pt and 124.40306pt
Headheight and headsep: 14.5pt and 19.8738pt
Footskip: 30pt
Columnsep and columnseprule: 10pt and 0pt
Marginparsep and marginparwidth: 7pt and 92pt
Sidecapsep and sidecapwidth: 7pt and 92pt
Sidebarhsep and sidebarwidth: 7pt and 92pt
Sidebarvsep and sidebartopsep: 14.5pt and 0pt
Sidebarheight: 590.14995pt
Sidefoothsep and sidefootwidth: 7pt and 92pt
Sidefootvsep and sidefootheight: 14.5pt and 590.14995pt
******************************************************

(./etoolbox.sty
Package: etoolbox 2011/01/03 v2.1 e-TeX tools for LaTeX
\etb@tempcnta=\count147
))

LaTeX Warning: You have requested, on input line 8, version
               `2013/05/10' of document class FITthesis,
               but only version
               `2012/12/03 CTU FIT standard class for theses'
               is available.

(/usr/share/texmf-texlive/tex/latex/base/inputenc.sty
Package: inputenc 2008/03/30 v1.1d Input encoding file
\inpenc@prehook=\toks24
\inpenc@posthook=\toks25

(/usr/share/texmf-texlive/tex/latex/base/utf8.def
File: utf8.def 2008/04/05 v1.1m UTF-8 support for inputenc
Now handling font encoding OML ...
... no UTF-8 mapping file for font encoding OML
Now handling font encoding T1 ...
... processing UTF-8 mapping file for font encoding T1

(/usr/share/texmf-texlive/tex/latex/base/t1enc.dfu
File: t1enc.dfu 2008/04/05 v1.1m UTF-8 support for inputenc
   defining Unicode char U+00A1 (decimal 161)
   defining Unicode char U+00A3 (decimal 163)
   defining Unicode char U+00AB (decimal 171)
   defining Unicode char U+00BB (decimal 187)
   defining Unicode char U+00BF (decimal 191)
   defining Unicode char U+00C0 (decimal 192)
   defining Unicode char U+00C1 (decimal 193)
   defining Unicode char U+00C2 (decimal 194)
   defining Unicode char U+00C3 (decimal 195)
   defining Unicode char U+00C4 (decimal 196)
   defining Unicode char U+00C5 (decimal 197)
   defining Unicode char U+00C6 (decimal 198)
   defining Unicode char U+00C7 (decimal 199)
   defining Unicode char U+00C8 (decimal 200)
   defining Unicode char U+00C9 (decimal 201)
   defining Unicode char U+00CA (decimal 202)
   defining Unicode char U+00CB (decimal 203)
   defining Unicode char U+00CC (decimal 204)
   defining Unicode char U+00CD (decimal 205)
   defining Unicode char U+00CE (decimal 206)
   defining Unicode char U+00CF (decimal 207)
   defining Unicode char U+00D0 (decimal 208)
   defining Unicode char U+00D1 (decimal 209)
   defining Unicode char U+00D2 (decimal 210)
   defining Unicode char U+00D3 (decimal 211)
   defining Unicode char U+00D4 (decimal 212)
   defining Unicode char U+00D5 (decimal 213)
   defining Unicode char U+00D6 (decimal 214)
   defining Unicode char U+00D8 (decimal 216)
   defining Unicode char U+00D9 (decimal 217)
   defining Unicode char U+00DA (decimal 218)
   defining Unicode char U+00DB (decimal 219)
   defining Unicode char U+00DC (decimal 220)
   defining Unicode char U+00DD (decimal 221)
   defining Unicode char U+00DE (decimal 222)
   defining Unicode char U+00DF (decimal 223)
   defining Unicode char U+00E0 (decimal 224)
   defining Unicode char U+00E1 (decimal 225)
   defining Unicode char U+00E2 (decimal 226)
   defining Unicode char U+00E3 (decimal 227)
   defining Unicode char U+00E4 (decimal 228)
   defining Unicode char U+00E5 (decimal 229)
   defining Unicode char U+00E6 (decimal 230)
   defining Unicode char U+00E7 (decimal 231)
   defining Unicode char U+00E8 (decimal 232)
   defining Unicode char U+00E9 (decimal 233)
   defining Unicode char U+00EA (decimal 234)
   defining Unicode char U+00EB (decimal 235)
   defining Unicode char U+00EC (decimal 236)
   defining Unicode char U+00ED (decimal 237)
   defining Unicode char U+00EE (decimal 238)
   defining Unicode char U+00EF (decimal 239)
   defining Unicode char U+00F0 (decimal 240)
   defining Unicode char U+00F1 (decimal 241)
   defining Unicode char U+00F2 (decimal 242)
   defining Unicode char U+00F3 (decimal 243)
   defining Unicode char U+00F4 (decimal 244)
   defining Unicode char U+00F5 (decimal 245)
   defining Unicode char U+00F6 (decimal 246)
   defining Unicode char U+00F8 (decimal 248)
   defining Unicode char U+00F9 (decimal 249)
   defining Unicode char U+00FA (decimal 250)
   defining Unicode char U+00FB (decimal 251)
   defining Unicode char U+00FC (decimal 252)
   defining Unicode char U+00FD (decimal 253)
   defining Unicode char U+00FE (decimal 254)
   defining Unicode char U+00FF (decimal 255)
   defining Unicode char U+0102 (decimal 258)
   defining Unicode char U+0103 (decimal 259)
   defining Unicode char U+0104 (decimal 260)
   defining Unicode char U+0105 (decimal 261)
   defining Unicode char U+0106 (decimal 262)
   defining Unicode char U+0107 (decimal 263)
   defining Unicode char U+010C (decimal 268)
   defining Unicode char U+010D (decimal 269)
   defining Unicode char U+010E (decimal 270)
   defining Unicode char U+010F (decimal 271)
   defining Unicode char U+0110 (decimal 272)
   defining Unicode char U+0111 (decimal 273)
   defining Unicode char U+0118 (decimal 280)
   defining Unicode char U+0119 (decimal 281)
   defining Unicode char U+011A (decimal 282)
   defining Unicode char U+011B (decimal 283)
   defining Unicode char U+011E (decimal 286)
   defining Unicode char U+011F (decimal 287)
   defining Unicode char U+0130 (decimal 304)
   defining Unicode char U+0131 (decimal 305)
   defining Unicode char U+0132 (decimal 306)
   defining Unicode char U+0133 (decimal 307)
   defining Unicode char U+0139 (decimal 313)
   defining Unicode char U+013A (decimal 314)
   defining Unicode char U+013D (decimal 317)
   defining Unicode char U+013E (decimal 318)
   defining Unicode char U+0141 (decimal 321)
   defining Unicode char U+0142 (decimal 322)
   defining Unicode char U+0143 (decimal 323)
   defining Unicode char U+0144 (decimal 324)
   defining Unicode char U+0147 (decimal 327)
   defining Unicode char U+0148 (decimal 328)
   defining Unicode char U+014A (decimal 330)
   defining Unicode char U+014B (decimal 331)
   defining Unicode char U+0150 (decimal 336)
   defining Unicode char U+0151 (decimal 337)
   defining Unicode char U+0152 (decimal 338)
   defining Unicode char U+0153 (decimal 339)
   defining Unicode char U+0154 (decimal 340)
   defining Unicode char U+0155 (decimal 341)
   defining Unicode char U+0158 (decimal 344)
   defining Unicode char U+0159 (decimal 345)
   defining Unicode char U+015A (decimal 346)
   defining Unicode char U+015B (decimal 347)
   defining Unicode char U+015E (decimal 350)
   defining Unicode char U+015F (decimal 351)
   defining Unicode char U+0160 (decimal 352)
   defining Unicode char U+0161 (decimal 353)
   defining Unicode char U+0162 (decimal 354)
   defining Unicode char U+0163 (decimal 355)
   defining Unicode char U+0164 (decimal 356)
   defining Unicode char U+0165 (decimal 357)
   defining Unicode char U+016E (decimal 366)
   defining Unicode char U+016F (decimal 367)
   defining Unicode char U+0170 (decimal 368)
   defining Unicode char U+0171 (decimal 369)
   defining Unicode char U+0178 (decimal 376)
   defining Unicode char U+0179 (decimal 377)
   defining Unicode char U+017A (decimal 378)
   defining Unicode char U+017B (decimal 379)
   defining Unicode char U+017C (decimal 380)
   defining Unicode char U+017D (decimal 381)
   defining Unicode char U+017E (decimal 382)
   defining Unicode char U+200C (decimal 8204)
   defining Unicode char U+2013 (decimal 8211)
   defining Unicode char U+2014 (decimal 8212)
   defining Unicode char U+2018 (decimal 8216)
   defining Unicode char U+2019 (decimal 8217)
   defining Unicode char U+201A (decimal 8218)
   defining Unicode char U+201C (decimal 8220)
   defining Unicode char U+201D (decimal 8221)
   defining Unicode char U+201E (decimal 8222)
   defining Unicode char U+2030 (decimal 8240)
   defining Unicode char U+2031 (decimal 8241)
   defining Unicode char U+2039 (decimal 8249)
   defining Unicode char U+203A (decimal 8250)
   defining Unicode char U+2423 (decimal 9251)
)
Now handling font encoding OT1 ...
... processing UTF-8 mapping file for font encoding OT1

(/usr/share/texmf-texlive/tex/latex/base/ot1enc.dfu
File: ot1enc.dfu 2008/04/05 v1.1m UTF-8 support for inputenc
   defining Unicode char U+00A1 (decimal 161)
   defining Unicode char U+00A3 (decimal 163)
   defining Unicode char U+00B8 (decimal 184)
   defining Unicode char U+00BF (decimal 191)
   defining Unicode char U+00C5 (decimal 197)
   defining Unicode char U+00C6 (decimal 198)
   defining Unicode char U+00D8 (decimal 216)
   defining Unicode char U+00DF (decimal 223)
   defining Unicode char U+00E6 (decimal 230)
   defining Unicode char U+00EC (decimal 236)
   defining Unicode char U+00ED (decimal 237)
   defining Unicode char U+00EE (decimal 238)
   defining Unicode char U+00EF (decimal 239)
   defining Unicode char U+00F8 (decimal 248)
   defining Unicode char U+0131 (decimal 305)
   defining Unicode char U+0141 (decimal 321)
   defining Unicode char U+0142 (decimal 322)
   defining Unicode char U+0152 (decimal 338)
   defining Unicode char U+0153 (decimal 339)
   defining Unicode char U+2013 (decimal 8211)
   defining Unicode char U+2014 (decimal 8212)
   defining Unicode char U+2018 (decimal 8216)
   defining Unicode char U+2019 (decimal 8217)
   defining Unicode char U+201C (decimal 8220)
   defining Unicode char U+201D (decimal 8221)
)
Now handling font encoding OMS ...
... processing UTF-8 mapping file for font encoding OMS

(/usr/share/texmf-texlive/tex/latex/base/omsenc.dfu
File: omsenc.dfu 2008/04/05 v1.1m UTF-8 support for inputenc
   defining Unicode char U+00A7 (decimal 167)
   defining Unicode char U+00B6 (decimal 182)
   defining Unicode char U+00B7 (decimal 183)
   defining Unicode char U+2020 (decimal 8224)
   defining Unicode char U+2021 (decimal 8225)
   defining Unicode char U+2022 (decimal 8226)
)
Now handling font encoding OMX ...
... no UTF-8 mapping file for font encoding OMX
Now handling font encoding U ...
... no UTF-8 mapping file for font encoding U
Now handling font encoding PD1 ...
... no UTF-8 mapping file for font encoding PD1
   defining Unicode char U+00A9 (decimal 169)
   defining Unicode char U+00AA (decimal 170)
   defining Unicode char U+00AE (decimal 174)
   defining Unicode char U+00BA (decimal 186)
   defining Unicode char U+02C6 (decimal 710)
   defining Unicode char U+02DC (decimal 732)
   defining Unicode char U+200C (decimal 8204)
   defining Unicode char U+2026 (decimal 8230)
   defining Unicode char U+2122 (decimal 8482)
   defining Unicode char U+2423 (decimal 9251)
))
(/usr/share/texmf-texlive/tex/latex/graphics/graphicx.sty
Package: graphicx 1999/02/16 v1.0f Enhanced LaTeX Graphics (DPC,SPQR)

(/usr/share/texmf-texlive/tex/latex/graphics/graphics.sty
Package: graphics 2009/02/05 v1.0o Standard LaTeX Graphics (DPC,SPQR)

(/usr/share/texmf-texlive/tex/latex/graphics/trig.sty
Package: trig 1999/03/16 v1.09 sin cos tan (DPC)
)
(/etc/texmf/tex/latex/config/graphics.cfg
File: graphics.cfg 2009/08/28 v1.8 graphics configuration of TeX Live
)
Package graphics Info: Driver file: pdftex.def on input line 91.

(/usr/share/texmf-texlive/tex/latex/pdftex-def/pdftex.def
File: pdftex.def 2010/03/12 v0.04p Graphics/color for pdfTeX
\Gread@gobject=\count148
))
\Gin@req@height=\dimen151
\Gin@req@width=\dimen152
) (./dirtree.sty
Package: dirtree 2012/12/11 v0.32 package wrapper for dirtree

(./dirtree.tex `dirtree' v0.32, 2012/12/11 (jcc)
\DT@offset=\dimen153
\DT@width=\dimen154
\DT@sep=\dimen155
\DT@all=\dimen156
\DT@rulewidth=\dimen157
\DT@dotwidth=\dimen158
\DTbaselineskip=\dimen159
\DT@counti=\count149
\DT@countii=\count150
\DT@countiii=\count151
\DT@countiv=\count152
\DT@indent=\dimen160
\DT@parskip=\dimen161
\DT@baselineskip=\dimen162
)
File: dirtree.tex 2012/12/11 v0.32 `dirtree' (jcc)
)
(/usr/share/texmf-texlive/tex/latex/listings/listings.sty
\lst@mode=\count153
\lst@gtempboxa=\box29
\lst@token=\toks26
\lst@length=\count154
\lst@currlwidth=\dimen163
\lst@column=\count155
\lst@pos=\count156
\lst@lostspace=\dimen164
\lst@width=\dimen165
\lst@newlines=\count157
\lst@lineno=\count158
\lst@maxwidth=\dimen166

(/usr/share/texmf-texlive/tex/latex/listings/lstmisc.sty
File: lstmisc.sty 2007/02/22 1.4 (Carsten Heinz)
\c@lstnumber=\count159
\lst@skipnumbers=\count160
\lst@framebox=\box30
)
(/usr/share/texmf-texlive/tex/latex/listings/listings.cfg
File: listings.cfg 2007/02/22 1.4 listings configuration
))
Package: listings 2007/02/22 1.4 (Carsten Heinz)

(/usr/share/texmf-texlive/tex/latex/cmap/cmap.sty
Package: cmap 2008/03/06 v1.0h CMap support: searchable PDF


Package cmap Warning: fontenc already loaded - some fonts may be unprocessed.

) (./Skvarjak.aux)
\openout1 = `Skvarjak.aux'.

LaTeX Font Info:    Checking defaults for OML/cmm/m/it on input line 193.
LaTeX Font Info:    ... okay on input line 193.
LaTeX Font Info:    Checking defaults for T1/cmr/m/n on input line 193.
LaTeX Font Info:    ... okay on input line 193.
LaTeX Font Info:    Checking defaults for OT1/cmr/m/n on input line 193.
LaTeX Font Info:    ... okay on input line 193.
LaTeX Font Info:    Checking defaults for OMS/cmsy/m/n on input line 193.
LaTeX Font Info:    ... okay on input line 193.
LaTeX Font Info:    Checking defaults for OMX/cmex/m/n on input line 193.
LaTeX Font Info:    ... okay on input line 193.
LaTeX Font Info:    Checking defaults for U/cmr/m/n on input line 193.
LaTeX Font Info:    ... okay on input line 193.
LaTeX Font Info:    Checking defaults for PD1/pdf/m/n on input line 193.
LaTeX Font Info:    ... okay on input line 193.
LaTeX Font Info:    Try loading font information for T1+lmr on input line 193.
 (/usr/share/texmf/tex/latex/lm/t1lmr.fd
File: t1lmr.fd 2009/10/30 v1.6 Font defs for Latin Modern
)<<t1.cmap>>
Package hyperref Info: Link coloring OFF on input line 193.

(/usr/share/texmf-texlive/tex/latex/hyperref/nameref.sty
Package: nameref 2007/05/29 v2.31 Cross-referencing by name of section

(/usr/share/texmf-texlive/tex/latex/oberdiek/refcount.sty
Package: refcount 2008/08/11 v3.1 Data extraction from references (HO)
)
\c@section@level=\count161
)
Redoing nameref's sectioning
Redoing nameref's label
LaTeX Info: Redefining \nameref on input line 193.
LaTeX Info: Redefining \ref on input line 193.
LaTeX Info: Redefining \pageref on input line 193.
(./Skvarjak.out) (./Skvarjak.out)
\@outlinefile=\write4
\openout4 = `Skvarjak.out'.

\AtBeginShipoutBox=\box31
 [1


{/var/lib/texmf/fonts/map/pdftex/updmap/pdftex.map}] [2

]
LaTeX Font Info:    Try loading font information for OT1+lmr on input line 193.

 (/usr/share/texmf/tex/latex/lm/ot1lmr.fd
File: ot1lmr.fd 2009/10/30 v1.6 Font defs for Latin Modern
)<<ot1.cmap>>
LaTeX Font Info:    Try loading font information for OML+lmm on input line 193.


(/usr/share/texmf/tex/latex/lm/omllmm.fd
File: omllmm.fd 2009/10/30 v1.6 Font defs for Latin Modern
)
LaTeX Font Info:    Try loading font information for OMS+lmsy on input line 193
.

(/usr/share/texmf/tex/latex/lm/omslmsy.fd
File: omslmsy.fd 2009/10/30 v1.6 Font defs for Latin Modern
)
LaTeX Font Info:    Try loading font information for OMX+lmex on input line 193
.

(/usr/share/texmf/tex/latex/lm/omxlmex.fd
File: omxlmex.fd 2009/10/30 v1.6 Font defs for Latin Modern
)
LaTeX Font Info:    External font `lmex10' loaded for size
(Font)              <12> on input line 193.
LaTeX Font Info:    External font `lmex10' loaded for size
(Font)              <8> on input line 193.
LaTeX Font Info:    External font `lmex10' loaded for size
(Font)              <6> on input line 193.

<cvut-logo-bw.pdf, id=163, 91.34125pt x 69.25874pt>
File: cvut-logo-bw.pdf Graphic file (type pdf)
 <use cvut-logo-bw.pdf>
Underfull \hbox (badness 10000) in alignment at lines 193--193
[][] 
 []

pdfTeX warning (ext4): destination with the same identifier (name{page.i}) has 
been already used, duplicate ignored
<to be read again> 
                   \relax 
l.193 \begin{document}
                       [1 <./cvut-logo-bw.pdf>]pdfTeX warning (ext4): destinati
on with the same identifier (name{page.ii}) has been already used, duplicate ig
nored
<to be read again> 
                   \relax 
l.193 \begin{document}
                       [2

]

LaTeX Font Warning: Font shape `T1/lmr/bx/sc' undefined
(Font)              using `T1/lmr/bx/n' instead on input line 193.

LaTeX Font Info:    Try loading font information for T1+lmss on input line 193.

(/usr/share/texmf/tex/latex/lm/t1lmss.fd
File: t1lmss.fd 2009/10/30 v1.6 Font defs for Latin Modern
)

LaTeX Font Warning: Font shape `T1/lmss/bx/sc' undefined
(Font)              using `T1/lmss/bx/n' instead on input line 193.


Overfull \hbox (0.46567pt too wide) in paragraph at lines 193--193
\T1/lmr/m/n/12 Cht¥l bych pod¥ko-vat svému ve-doucímu Ing. Jaroslavu Kucha°ovi,
 za ochotu
 []

[5

] [6

] [7]
LaTeX Font Info:    Try loading font information for OMS+lmr on input line 193.

 (/usr/share/texmf/tex/latex/lm/omslmr.fd
File: omslmr.fd 2009/10/30 v1.6 Font defs for Latin Modern
)
LaTeX Font Info:    Font shape `OMS/lmr/m/n' in size <12> not available
(Font)              Font shape `OMS/lmsy/m/n' tried instead on input line 193.
 [8

] [9

] [10]
(./Skvarjak.toc [11

]) [12] (./Skvarjak.lof
Overfull \hbox (0.69632pt too wide) in paragraph at lines 12--12
 [][] [][]\T1/lmr/m/n/12 P°ehled uk-lá-daných dat do jed-notlivých tab-ulek v d
atabázi MySQL[] []  
 []


Overfull \hbox (4.58624pt too wide) in paragraph at lines 21--21
 [][] [][]\T1/lmr/m/n/12 Formulá° na face-booku nabá-da-jící k vy-pln¥ní vys-tu
-dované st°ední 
 []

[13

]) [14] (/usr/share/texmf-texlive/tex/context/base/supp-pdf.mkii
[Loading MPS to PDF converter (version 2006.09.02).]
\scratchcounter=\count162
\scratchdimen=\dimen167
\scratchbox=\box32
\nofMPsegments=\count163
\nofMParguments=\count164
\everyMPshowfont=\toks27
\MPscratchCnt=\count165
\MPscratchDim=\dimen168
\MPnumerator=\count166
\everyMPtoPDFconversion=\toks28
)
\c@lstlisting=\count167


Package hyperref Warning: Composite letter `\textasciicaron+c'
(hyperref)                not defined in PD1 encoding,
(hyperref)                removing `\textasciicaron' on input line 205.


Underfull \vbox (badness 10000) has occurred while \output is active []

 [1



]

Package hyperref Warning: Composite letter `\textasciicaron+c'
(hyperref)                not defined in PD1 encoding,
(hyperref)                removing `\textasciicaron' on input line 218.


Class memoir Warning: The material used in the headers is too large
(15.39603pt) for the given head height (14.5pt), it is recommended to
either increase the head height or redesign the header
(in both cases you will find help in the memoir manual). on input line 226.


Overfull \vbox (0.89603pt too high) has occurred while \output is active []


[2]

Package hyperref Warning: Composite letter `\textasciicaron+r'
(hyperref)                not defined in PD1 encoding,
(hyperref)                removing `\textasciicaron' on input line 230.


Overfull \hbox (1.61229pt too wide) in paragraph at lines 232--233
\T1/lmr/m/n/12 Hlavním cílem práce bylo zjis-tit, v jaké mí°e jsou uºi-vatelé f
ace-booku ochotni
 []

[3]
Overfull \vbox (0.89603pt too high) has occurred while \output is active []


[4]
LaTeX Font Info:    Try loading font information for T1+lmtt on input line 257.

 (/usr/share/texmf/tex/latex/lm/t1lmtt.fd
File: t1lmtt.fd 2009/10/30 v1.6 Font defs for Latin Modern
)
LaTeX Font Info:    External font `lmex10' loaded for size
(Font)              <10> on input line 257.
LaTeX Font Info:    External font `lmex10' loaded for size
(Font)              <7> on input line 257.
LaTeX Font Info:    External font `lmex10' loaded for size
(Font)              <5> on input line 257.
 [5

]
<figures/server-side-diagram.png, id=376, 734.745pt x 525.965pt>
File: figures/server-side-diagram.png Graphic file (type png)

<use figures/server-side-diagram.png>

LaTeX Warning: `h' float specifier changed to `ht'.


Overfull \hbox (1.99554pt too wide) in paragraph at lines 279--280
[]\T1/lmtt/m/n/12 https://developers.facebook.com/docs/plugins/\T1/lmr/m/n/12 )
, takºe mén¥ zku²ení
 []


Underfull \hbox (badness 1460) in paragraph at lines 281--281
[][] [][]\T1/lmr/m/n/10 Variace click-jacingu, po-mocí HTML, CSS anebo JavaScri
ptu je na stránce
 []


Underfull \hbox (badness 4416) in paragraph at lines 281--281
\T1/lmr/m/n/10 skryto fa-ce-boo-kové tla£ítko like a je p°ekryto jiným tla£íkem
, uºi-va-tel pak
 []


Overfull \hbox (0.40839pt too wide) in paragraph at lines 281--282
[]\T1/lmr/m/n/12 Facebook nepod-poruje ºád-nou ji-nou moºnost, jak apli-kaci ov
lá-dat krom¥
 []


Underfull \vbox (badness 4454) has occurred while \output is active []

 [6]
[7 <./figures/server-side-diagram.png>]
Overfull \hbox (1.13124pt too wide) in paragraph at lines 294--295
[]\T1/lmr/m/n/12 Tyto ne-dostatky Graph API mi ne-do-volo-valy jej pouºít pro i
m-ple-mentaci
 []


Underfull \hbox (badness 1655) in paragraph at lines 304--304
[][] [][]\T1/lmr/m/n/10 AJAX - asyn-chronní na£ítání dy-nam-ick-ých £ástí we-bo
vých strá-nek po-mocí
 []

[8]
Overfull \hbox (4.12708pt too wide) in paragraph at lines 312--313
\T1/lmr/m/n/12 rych-le-j²í na£ítání in-ter-ne-tových strá-nek. Face-book tento 
pro-tokol jiº na svých
 []


Underfull \vbox (badness 10000) has occurred while \output is active []

 [9]
[10]
Underfull \hbox (badness 10000) in paragraph at lines 344--344
[]|\T1/lmr/bx/n/12 Programovací
 []


Overfull \hbox (0.44229pt too wide) in paragraph at lines 372--373
\T1/lmr/m/n/12 tupu we-bových strá-nek a li²í se p°e-de-v²ím pro-gramovacím jaz
ykem pro který
 []

[11]
Overfull \hbox (1.3527pt too wide) in paragraph at lines 380--381
[]\T1/lmr/m/n/12 Hlavní výhoda pro-gramu Se-le-nium spo£ívá v tom, ºe jsou we-b
ové stránky
 []


Overfull \hbox (2.92052pt too wide) in paragraph at lines 380--381
\T1/lmr/m/n/12 ren-derovány ve skute£ném in-ter-ne-tovém proh-lí-ºe£i a ope-rac
e, které se v proh-
 []


Overfull \hbox (1.38782pt too wide) in paragraph at lines 382--384
\T1/lmr/m/n/12 pro-blémy. (Face-book o n¥k-terých nahlá²ených prob-lémech ví, a
le kv·li tomu,
 []


Underfull \vbox (badness 10000) has occurred while \output is active []

 [12]
Overfull \hbox (0.40674pt too wide) in paragraph at lines 404--405
[]\T1/lmr/m/n/12 Jelikoº je we-bové rozhraní pro-gramu nezávislé na pro-gramova
cím jazyku,
 []

[13]
Package hyperref Info: bookmark level for unknown lstlisting defaults to 0 on i
nput line 408.
 [14]
Overfull \hbox (1.83926pt too wide) in paragraph at lines 427--429
\T1/lmr/m/n/12 bKit. Do bu-doucna bude ur£it¥ za-jí-mavé sle-dovat, jak se celá
 situ-ace nakonec
 []

[15]
Overfull \hbox (4.44633pt too wide) in paragraph at lines 448--449
[]\T1/lmr/m/n/12 moºnost p°is-tupo-vat p°ímo k HTML zdro-jovým soubor·m jed-not
livých
 []


Overfull \hbox (1.28323pt too wide) in paragraph at lines 461--462
[]\T1/lmr/m/n/12 Pro ná² ex-pe-ri-ment se pro-gram Se-le-nium Web-Driver hodí, 
je-likoº výhody
 []

[16]
Overfull \hbox (0.36168pt too wide) in paragraph at lines 475--476
\T1/lmr/m/n/12 kyni ([]\T1/lmtt/m/n/12 http://www.girlfriendhire.com/\T1/lmr/m/
n/12 , []\T1/lmtt/m/n/12 http://namorofake.com.br/ \T1/lmr/m/n/12 a
 []

[17] [18] [19

] [20] [21] [22]
<figures/fcModelPresenter.png, id=484, 872.25874pt x 721.69624pt>
File: figures/fcModelPresenter.png Graphic file (type png)

<use figures/fcModelPresenter.png>

LaTeX Warning: `h' float specifier changed to `ht'.


Package hyperref Warning: Composite letter `\textasciicaron+e'
(hyperref)                not defined in PD1 encoding,
(hyperref)                removing `\textasciicaron' on input line 586.


Package hyperref Warning: Composite letter `\textring+u'
(hyperref)                not defined in PD1 encoding,
(hyperref)                removing `\textring' on input line 590.

[23]
Overfull \hbox (0.70236pt too wide) in paragraph at lines 601--602
[]\T1/lmr/m/n/12 staºení posled-ních p°ísp¥vk· kaºdého uºi-vatele, kterého má ú
£et v p°á-
 []

[24 <./figures/fcModelPresenter.png>]
Underfull \vbox (badness 1546) has occurred while \output is active []

 [25]
[26] [27] [28]

Package hyperref Warning: Composite letter `\textasciicaron+r'
(hyperref)                not defined in PD1 encoding,
(hyperref)                removing `\textasciicaron' on input line 687.

[29] <figures/timeDifference.png, id=521, 500.87125pt x 321.2pt>
File: figures/timeDifference.png Graphic file (type png)

<use figures/timeDifference.png>

LaTeX Warning: `h' float specifier changed to `ht'.


Overfull \hbox (3.2839pt too wide) in paragraph at lines 723--724
\T1/lmr/m/n/12 mezi zá-pa-dem USA a Green-wich-ským £asem (zák-ladní £asové pás
mo). Rozdíl
 []

[30]
Underfull \vbox (badness 10000) has occurred while \output is active []

 [31 <./figures/timeDifference.png (PNG copy)>]
Overfull \hbox (3.34462pt too wide) in paragraph at lines 737--738
[]\T1/lmr/m/n/12 B¥hem b°ezna 2013 face-book oznámil novou verzi pro-filové str
ánky (time-
 []

[32] [33] [34] <figures/fcUserTask.png, id=559, 932.48375pt x 438.63875pt>
File: figures/fcUserTask.png Graphic file (type png)

<use figures/fcUserTask.png>
<figures/mongoDataModel.png, id=562, 726.715pt x 648.4225pt>
File: figures/mongoDataModel.png Graphic file (type png)

<use figures/mongoDataModel.png>

LaTeX Warning: `h' float specifier changed to `ht'.

<figures/mysqlDataModel.png, id=563, 556.0775pt x 206.7725pt>
File: figures/mysqlDataModel.png Graphic file (type png)

<use figures/mysqlDataModel.png>

LaTeX Warning: `h' float specifier changed to `ht'.


Package hyperref Warning: Composite letter `\textasciicaron+C'
(hyperref)                not defined in PD1 encoding,
(hyperref)                removing `\textasciicaron' on input line 808.


Overfull \hbox (2.56084pt too wide) in paragraph at lines 810--811
\T1/lmr/m/n/12 Poslední £ásti celé apli-kace byly dv¥ po-mocné sekce pro získáv
ání dat z jiných
 []

[35 <./figures/fcUserTask.png>]
Overfull \hbox (4.03484pt too wide) in paragraph at lines 812--813
[]\T1/lmr/m/n/12 Instagram ([]\T1/lmtt/m/n/12 https://instagram.com/\T1/lmr/m/n
/12 ) je so-ciální sít, kam m·ºete nahrá-
 []


Overfull \hbox (4.32469pt too wide) in paragraph at lines 816--817
\T1/lmr/m/n/12 získávání citát· pro na-hrá-vání na fa-ce-boo-kové pro-fily. Jak
o zdroje vy-bíraných
 []


Underfull \vbox (badness 1721) has occurred while \output is active []

 [36 <./figures/mongoDataModel.png (PNG copy)>]
<figures/fcUI.png, id=575, 1168.365pt x 635.37375pt>
File: figures/fcUI.png Graphic file (type png)
 <use figures/fcUI.png>

LaTeX Warning: `h' float specifier changed to `ht'.

[37 <./figures/mysqlDataModel.png (PNG copy)>]
Underfull \vbox (badness 10000) has occurred while \output is active []

 [38 <./figures/fcUI.png>]
Overfull \hbox (4.22588pt too wide) in paragraph at lines 843--844
\T1/lmr/m/n/12 do skupin, na-p°í-klad muºi. M·ºeme vytvo°it neomezené mnoº-ství
 takovýchto
 []

<figures/fcAssignGroup.png, id=586, 1165.35374pt x 323.2075pt>
File: figures/fcAssignGroup.png Graphic file (type png)

<use figures/fcAssignGroup.png>
<figures/fcNewTask.png, id=588, 688.5725pt x 626.34pt>
File: figures/fcNewTask.png Graphic file (type png)

<use figures/fcNewTask.png>

LaTeX Warning: `h' float specifier changed to `ht'.

<figures/fcTasks.png, id=590, 1307.88625pt x 367.3725pt>
File: figures/fcTasks.png Graphic file (type png)

<use figures/fcTasks.png>

LaTeX Warning: `h' float specifier changed to `ht'.

[39 <./figures/fcAssignGroup.png>]

Package hyperref Warning: Composite letter `\textasciicaron+e'
(hyperref)                not defined in PD1 encoding,
(hyperref)                removing `\textasciicaron' on input line 879.


Underfull \vbox (badness 10000) has occurred while \output is active []

 [40 <./figures/fcNewTask.png>] [41 <./figures/fcTasks.png>] [42

]

Package hyperref Warning: Composite letter `\textring+u'
(hyperref)                not defined in PD1 encoding,
(hyperref)                removing `\textring' on input line 889.


Package hyperref Warning: Composite letter `\textasciicaron+e'
(hyperref)                not defined in PD1 encoding,
(hyperref)                removing `\textasciicaron' on input line 889.


Overfull \hbox (8.40611pt too wide) in paragraph at lines 897--898
\T1/lmr/m/n/12 b¥hem ex-per-i-mentu zablokuje a po-dle jakých kritérií. Zda je 
face-book schopný
 []


Package hyperref Warning: Composite letter `\textasciicaron+r'
(hyperref)                not defined in PD1 encoding,
(hyperref)                removing `\textasciicaron' on input line 899.


Underfull \vbox (badness 10000) has occurred while \output is active []

 [43]
Overfull \hbox (1.42097pt too wide) in paragraph at lines 914--915
\T1/lmr/m/n/12 p¥²-ném op-sání face-book zob-razí strá-nku (viz obrázek []4.1[]
) s polem pro zadání
 []

<figures/fb-telephone-number2.jpg, id=616, 1022.82124pt x 507.8975pt>
File: figures/fb-telephone-number2.jpg Graphic file (type jpg)

<use figures/fb-telephone-number2.jpg>

LaTeX Warning: `h' float specifier changed to `ht'.

[44]
Overfull \hbox (9.17064pt too wide) in paragraph at lines 932--933
[]\T1/lmr/m/n/12 Struktura e-mailových adres byla násle-du-jící: []\T1/lmtt/m/n
/12 jmenoprijmeni@domena.cz\T1/lmr/m/n/12 .
 []

[45 <./figures/fb-telephone-number2.jpg>]
Overfull \hbox (0.46829pt too wide) in paragraph at lines 940--941
[]\T1/lmtt/m/n/12 e1461664@rmqkr.net\T1/lmr/m/n/12 ). Ta-ko-véto e-mailové adre
sy fun-gují v¥t²i-nou jen po o-
 []


Overfull \hbox (4.03123pt too wide) in paragraph at lines 940--941
\T1/lmr/m/n/12 ²tí-vené stránce ve°e-jn¥ (u do£as-ných e-mail· jen pro náv²t¥vn
íka, pro kterého
 []


Overfull \hbox (5.92477pt too wide) in paragraph at lines 942--943
[]\T1/lmr/m/n/12 Takovéto in-ter-ne-tové sluºby slouºí p°e-de-v²ím jako ochrana
 proti e-mailové
 []

[46]
Overfull \hbox (2.20604pt too wide) in paragraph at lines 954--955
\T1/lmr/m/n/12 pro mne prob-lém pokud by bylo pot°eba dohle-dat n¥k-teré in-for
-mace posílané
 []


Package hyperref Warning: Composite letter `\textasciicaron+c'
(hyperref)                not defined in PD1 encoding,
(hyperref)                removing `\textasciicaron' on input line 956.


Package hyperref Warning: Composite letter `\textring+u'
(hyperref)                not defined in PD1 encoding,
(hyperref)                removing `\textring' on input line 956.

[47]

Package hyperref Warning: Composite letter `\textasciicaron+c'
(hyperref)                not defined in PD1 encoding,
(hyperref)                removing `\textasciicaron' on input line 964.


Package hyperref Warning: Composite letter `\textring+u'
(hyperref)                not defined in PD1 encoding,
(hyperref)                removing `\textring' on input line 964.

[48]
Overfull \hbox (3.2905pt too wide) in paragraph at lines 981--982
\T1/lmr/m/n/12 poslouºila ne-jlépe in-ter-ne-tová stránka []\T1/lmtt/m/n/12 htt
p://www.myspace.com/\T1/lmr/m/n/12 . Výhodou
 []

[49]
Overfull \hbox (0.30656pt too wide) in paragraph at lines 1001--1002
[]\T1/lmr/m/n/12 V²echny ex-per-i-men-tální ú£ty byly za-°azeny do jedné z t¥ch
to p¥ti skupin.
 []


Overfull \hbox (6.99986pt too wide) in paragraph at lines 1003--1004
[]\T1/lmr/m/n/12 P°ed spu²t¥ním ex-per-i-mentu jsem o£eká-val, ºe ne-júsp¥²n¥j²
í bu-dou strate-
 []

[50]
Underfull \vbox (badness 10000) has occurred while \output is active []

 [51]
Overfull \hbox (4.94858pt too wide) in paragraph at lines 1031--1032
\T1/lmr/m/n/12 tál-nímu ú£tu a pra-co-v-ala hlavn¥ se spole£nými a na-posledy p
°i-danými p°áteli.
 []

[52]
Overfull \hbox (5.004pt too wide) in paragraph at lines 1041--1042
\T1/lmr/m/n/12 nku: []\T1/lmtt/m/n/12 https://www.facebook.com/find-friends/bro
wser/\T1/lmr/m/n/12 . Experimentál-
 []


Overfull \hbox (2.98723pt too wide) in paragraph at lines 1043--1044
\T1/lmr/m/n/12 na první gen-eraci jsem zjis-til, ºe se takto k pro-filu p°idá-v
aly ú£ty ze zahrani£í,
 []

[53] <figures/confirm-friendship.png, id=668, 498.86375pt x 165.61874pt>
File: figures/confirm-friendship.png Graphic file (type png)

<use figures/confirm-friendship.png>
<figures/cantFriend.png, id=670, 494.84875pt x 190.7125pt>
File: figures/cantFriend.png Graphic file (type png)

<use figures/cantFriend.png>

LaTeX Warning: `h' float specifier changed to `ht'.

[54 <./figures/confirm-friendship.png>] [55 <./figures/cantFriend.png>]
[56] <figures/completeSchool.png, id=688, 544.0325pt x 287.0725pt>
File: figures/completeSchool.png Graphic file (type png)

<use figures/completeSchool.png>
Overfull \hbox (1.00717pt too wide) in paragraph at lines 1107--1108
[]\T1/lmtt/m/n/12 http://www.facebook.com/jan.novak\T1/lmr/m/n/12 . Tento iden-
ti-fiká-tor se pou-ºívá i pro
 []

[57 <./figures/completeSchool.png>]
<figures/cancelPendingFriendRequests.png, id=695, 569.12625pt x 435.6275pt>
File: figures/cancelPendingFriendRequests.png Graphic file (type png)

<use figures/cancelPendingFriendRequests.png>

LaTeX Warning: `h' float specifier changed to `ht'.

[58] <figures/friendRequestsLimitReached.png, id=701, 493.845pt x 146.5475pt>
File: figures/friendRequestsLimitReached.png Graphic file (type png)

<use figures/friendRequestsLimitReached.png>

LaTeX Warning: `h' float specifier changed to `ht'.


Underfull \vbox (badness 5260) has occurred while \output is active []

 [59 <./figures/cancelPendingFriendRequests.png>]
Overfull \hbox (0.34332pt too wide) in paragraph at lines 1141--1142
[]\T1/lmr/m/n/12 B¥hem ex-per-i-mentu byly celkem zablokovány pouze tyto dva ú£
ty, pokud
 []

<figures/confirmIdentity.png, id=709, 568.1225pt x 213.79875pt>
File: figures/confirmIdentity.png Graphic file (type png)

<use figures/confirmIdentity.png>

LaTeX Warning: `h' float specifier changed to `ht'.


Underfull \vbox (badness 10000) has occurred while \output is active []

 [60 <./figures/friendRequestsLimitReached.png>]
<figures/slowDown.png, id=715, 494.84875pt x 146.5475pt>
File: figures/slowDown.png Graphic file (type png)

<use figures/slowDown.png> [61 <./figures/confirmIdentity.png> <./figures/slowD
own.png>]
Overfull \hbox (2.69305pt too wide) in paragraph at lines 1175--1176
[]\T1/lmr/m/n/12 Profily, které to-muto ex-per-i-men-tál-nímu ú£tu za-slaly poz
-vánku byly z r·z-
 []

[62] [63] <figures/gender.png, id=738, 451.6875pt x 321.2pt>
File: figures/gender.png Graphic file (type png)

<use figures/gender.png>
<figures/levelMutual.png, id=744, 451.6875pt x 321.2pt>
File: figures/levelMutual.png Graphic file (type png)

<use figures/levelMutual.png>

LaTeX Warning: `h' float specifier changed to `ht'.

<figures/level4.png, id=746, 451.6875pt x 321.2pt>
File: figures/level4.png Graphic file (type png)
 <use figures/level4.png>

LaTeX Warning: `h' float specifier changed to `ht'.

[64 <./figures/gender.png (PNG copy)>] [65 <./figures/levelMutual.png (PNG copy
)>]
Underfull \vbox (badness 10000) has occurred while \output is active []

 [66 <./figures/level4.png (PNG copy)>]
Overfull \hbox (5.99237pt too wide) in paragraph at lines 1255--1256
\T1/lmr/m/n/12 ú£ty pat°ily do skupiny vy-pl-n¥-no-sti se stup-n¥m jedna. To zn
a-mená, ºe nem¥ly
 []

[67]
Overfull \hbox (7.5869pt too wide) in paragraph at lines 1269--1270
\T1/lmr/m/n/12 Pro p°i-dá-vání p°á-tel na face-booku nej-více záleºí na ú£tech,
 které si p°idáváme.
 []

[68] [69] [70

]

Package hyperref Warning: Composite letter `\textasciicaron+e'
(hyperref)                not defined in PD1 encoding,
(hyperref)                removing `\textasciicaron' on input line 1280.

[71]

Package hyperref Warning: Composite letter `\textring+u'
(hyperref)                not defined in PD1 encoding,
(hyperref)                removing `\textring' on input line 1293.


Package hyperref Warning: Composite letter `\textasciicaron+r'
(hyperref)                not defined in PD1 encoding,
(hyperref)                removing `\textasciicaron' on input line 1293.


Package hyperref Warning: Composite letter `\textasciicaron+c'
(hyperref)                not defined in PD1 encoding,
(hyperref)                removing `\textasciicaron' on input line 1293.

[72]

Package hyperref Warning: Composite letter `\textring+u'
(hyperref)                not defined in PD1 encoding,
(hyperref)                removing `\textring' on input line 1309.


Package hyperref Warning: Composite letter `\textasciicaron+r'
(hyperref)                not defined in PD1 encoding,
(hyperref)                removing `\textasciicaron' on input line 1309.


Package hyperref Warning: Composite letter `\textring+u'
(hyperref)                not defined in PD1 encoding,
(hyperref)                removing `\textring' on input line 1309.

[73]
Overfull \hbox (0.43925pt too wide) in paragraph at lines 1315--1316
[]\T1/lmr/m/n/12 Krom¥ získávání nálady ve spole£nosti by bylo moºné i ovliv¬o-
vat ostatní
 []

(./Skvarjak.bbl [74]
bibitemlist

Underfull \hbox (badness 4303) in paragraph at lines 29--32
[]\T1/lmr/m/n/12 Facebook In-vestor Re-la-tions: Face-book Re-ports First Quar-
ter
 []


Underfull \hbox (badness 10000) in paragraph at lines 34--36
[]\T1/lmr/m/n/12 Facebook News-room: Im-prove-ments to Time-line. B°ezen
 []


Underfull \hbox (badness 10000) in paragraph at lines 34--36
\T1/lmr/m/n/12 2013. Dos-tupné z: []$\T1/lmtt/m/n/12 http : / / newsroom . fb .
 com / News / 584 /
 []


Underfull \hbox (badness 1237) in paragraph at lines 38--41
[]\T1/lmr/m/n/12 Inside Face-book: Face-book puts lim-its on event in-vites. Du
ben
 []


Underfull \hbox (badness 3189) in paragraph at lines 43--46
[]\T1/lmr/m/n/12 Opera De-vel-oper News: 300 mil-lion users and move to We-
 []


Underfull \hbox (badness 1014) in paragraph at lines 48--51
[]\T1/lmr/m/n/12 Stephen Wol-fram: Data Sci-ence of the Face-book World. Duben
 []


Underfull \hbox (badness 5359) in paragraph at lines 48--51
\T1/lmr/m/n/12 2013. Dos-tupné z: []$\T1/lmtt/m/n/12 http : / / blog . stephenw
olfram . com / 2013 / 04 /
 []

[75

]
Underfull \hbox (badness 2012) in paragraph at lines 59--61
\T1/lmr/m/n/12 2009. Dos-tupné z: []$\T1/lmtt/m/n/12 https : / / blog . faceboo
k . com / blog . php ? post =
 []


Underfull \hbox (badness 3428) in paragraph at lines 63--65
[]\T1/lmr/m/n/12 The Face-book Blog: In-tro-duc-ing Your New Nav-i-ga-tion. Úno
r
 []


Underfull \hbox (badness 2012) in paragraph at lines 63--65
\T1/lmr/m/n/12 2010. Dos-tupné z: []$\T1/lmtt/m/n/12 https : / / blog . faceboo
k . com / blog . php ? post =
 []


Underfull \hbox (badness 7540) in paragraph at lines 67--69
[]\T1/lmr/m/n/12 The Face-book Blog: See the Mes-sages that Mat-ter. Únor
 []


Underfull \hbox (badness 2012) in paragraph at lines 67--69
\T1/lmr/m/n/12 2011. Dos-tupné z: []$\T1/lmtt/m/n/12 https : / / blog . faceboo
k . com / blog . php ? post =
 []


Underfull \hbox (badness 2012) in paragraph at lines 71--73
\T1/lmr/m/n/12 2011. Dos-tupné z: []$\T1/lmtt/m/n/12 https : / / blog . faceboo
k . com / blog . php ? post =
 []


Underfull \hbox (badness 10000) in paragraph at lines 75--79
[]\T1/lmr/m/n/12 Yazan Bosh-maf, Il-dar Mus-lukhov, Kon-stantin Beznosov,
 []


Underfull \hbox (badness 10000) in paragraph at lines 75--79
\T1/lmr/m/n/12 Matei Ri-peanu: The So-cial-bot Net-work: When Bots So-
 []


Underfull \hbox (badness 10000) in paragraph at lines 75--79
\T1/lmr/m/n/12 cial-ize for Fame and Money. Prosinec 2011. Dos-tupné z:
 []


Underfull \hbox (badness 10000) in paragraph at lines 75--79
[]$\T1/lmtt/m/n/12 http : / / www . acsac . org / 2011 / openconf / modules / r
equest . php ?
 []

) [76] <figures/levelFake.png, id=838, 451.6875pt x 321.2pt>
File: figures/levelFake.png Graphic file (type png)

<use figures/levelFake.png>
<figures/levelMany.png, id=839, 451.6875pt x 321.2pt>
File: figures/levelMany.png Graphic file (type png)

<use figures/levelMany.png>

LaTeX Warning: `h' float specifier changed to `ht'.

<figures/levelGroup.png, id=840, 451.6875pt x 321.2pt>
File: figures/levelGroup.png Graphic file (type png)

<use figures/levelGroup.png>

LaTeX Warning: `h' float specifier changed to `ht'.

<figures/levelFb.png, id=841, 451.6875pt x 321.2pt>
File: figures/levelFb.png Graphic file (type png)
 <use figures/levelFb.png>

LaTeX Warning: `h' float specifier changed to `ht'.

<figures/level5.png, id=842, 451.6875pt x 321.2pt>
File: figures/level5.png Graphic file (type png)
 <use figures/level5.png>

LaTeX Warning: `h' float specifier changed to `ht'.

<figures/level3.png, id=843, 451.6875pt x 321.2pt>
File: figures/level3.png Graphic file (type png)
 <use figures/level3.png>

LaTeX Warning: `h' float specifier changed to `ht'.

<figures/level2.png, id=844, 451.6875pt x 321.2pt>
File: figures/level2.png Graphic file (type png)
 <use figures/level2.png>

LaTeX Warning: `h' float specifier changed to `ht'.

<figures/level1.png, id=845, 451.6875pt x 321.2pt>
File: figures/level1.png Graphic file (type png)
 <use figures/level1.png>

LaTeX Warning: `h' float specifier changed to `ht'.

<figures/postedDays.png, id=846, 451.6875pt x 321.2pt>
File: figures/postedDays.png Graphic file (type png)

<use figures/postedDays.png>

LaTeX Warning: `h' float specifier changed to `ht'.

<figures/postedHours.png, id=847, 451.6875pt x 321.2pt>
File: figures/postedHours.png Graphic file (type png)

<use figures/postedHours.png>

LaTeX Warning: `h' float specifier changed to `ht'.

<figures/postedLikes.png, id=848, 598.235pt x 358.33875pt>
File: figures/postedLikes.png Graphic file (type png)

<use figures/postedLikes.png>

LaTeX Warning: `h' float specifier changed to `ht'.


LaTeX Warning: `h' float specifier changed to `ht'.


LaTeX Warning: `h' float specifier changed to `ht'.

[77

 <./figures/levelFake.png (PNG copy)>] [78 <./figures/levelMany.png (PNG copy)>
 <./figures/levelGroup.png (PNG copy)>] [79 <./figures/levelFb.png (PNG copy)> 
<./figures/level5.png (PNG copy)>] [80 <./figures/level3.png (PNG copy)> <./fig
ures/level2.png (PNG copy)>] [81 <./figures/level1.png (PNG copy)> <./figures/p
ostedDays.png (PNG copy)>] [82 <./figures/postedHours.png (PNG copy)> <./figure
s/postedLikes.png (PNG copy)>] [83] [84]

Package hyperref Warning: Composite letter `\textring+u'
(hyperref)                not defined in PD1 encoding,
(hyperref)                removing `\textring' on input line 1472.


Overfull \hbox (3.1481pt too wide) in paragraph at lines 1480--1481
[]\T1/lmr/m/n/12 - Jedná se o vir-tuální ka-marád-ství mezi dv¥ma lidmi,
 []


Overfull \hbox (2.20665pt too wide) in paragraph at lines 1480--1481
\T1/lmr/m/n/12 vánku k p°á-tel-ství, doty£ný pak m·ºe poz-vánku p°i-j-mout aneb
o odmít-
 []

[85

]
Overfull \hbox (7.0141pt too wide) in paragraph at lines 1485--1486
[]\T1/lmr/m/n/12 - P°ísp¥vek na svou face-bookovou ze¤ od uºi-vatel· (Face-book
 nabádá
 []

[86]

Package hyperref Warning: Composite letter `\textasciicaron+r'
(hyperref)                not defined in PD1 encoding,
(hyperref)                removing `\textasciicaron' on input line 1491.


Class memoir Warning: The material used in the headers is too large
(15.39603pt) for the given head height (14.5pt), it is recommended to
either increase the head height or redesign the header
(in both cases you will find help in the memoir manual). on input line 1506.

[87

]
\tf@toc=\write5
\openout5 = `Skvarjak.toc'.

\tf@lof=\write6
\openout6 = `Skvarjak.lof'.

 (./Skvarjak.aux)

LaTeX Font Warning: Some font shapes were not available, defaults substituted.

 ) 
Here is how much of TeX's memory you used:
 11260 strings out of 495061
 154187 string characters out of 1182621
 308313 words of memory out of 3000000
 13855 multiletter control sequences out of 15000+50000
 85577 words of font info for 56 fonts, out of 3000000 for 9000
 149 hyphenation exceptions out of 8191
 49i,13n,32p,1091b,1012s stack positions out of 5000i,500n,10000p,200000b,50000s
{/usr/share/texmf/fonts/enc/dvips/lm/lm-ec.enc}{/usr/share/texmf/fonts/enc/dv
ips/lm/lm-mathsy.enc}</usr/share/texmf/fonts/type1/public/lm/lmbx12.pfb></usr/s
hare/texmf/fonts/type1/public/lm/lmbxi10.pfb></usr/share/texmf/fonts/type1/publ
ic/lm/lmcsc10.pfb></usr/share/texmf/fonts/type1/public/lm/lmr10.pfb></usr/share
/texmf/fonts/type1/public/lm/lmr12.pfb></usr/share/texmf/fonts/type1/public/lm/
lmr17.pfb></usr/share/texmf/fonts/type1/public/lm/lmr7.pfb></usr/share/texmf/fo
nts/type1/public/lm/lmr8.pfb></usr/share/texmf/fonts/type1/public/lm/lmri12.pfb
></usr/share/texmf/fonts/type1/public/lm/lmssbx10.pfb></usr/share/texmf/fonts/t
ype1/public/lm/lmsy10.pfb></usr/share/texmf/fonts/type1/public/lm/lmtt12.pfb>
Output written on Skvarjak.pdf (101 pages, 1422999 bytes).
PDF statistics:
 990 PDF objects out of 1000 (max. 8388607)
 239 named destinations out of 1000 (max. 500000)
 470 words of extra memory for PDF output out of 10000 (max. 10000000)

